<?xml version="1.0" encoding="UTF-8"?>
<!-- Generated by org.testng.reporters.JUnitReportReporter -->
<testsuite hostname="PREETISH-PC" name="testRunner.PageobjectRunner" tests="1" failures="0" timestamp="7 Oct 2021 04:51:25 GMT" time="19.752" errors="0">
  <testcase name="feature" time="19.752" classname="testRunner.PageobjectRunner"/>
</testsuite> <!-- testRunner.PageobjectRunner -->
