<?xml version="1.0" encoding="UTF-8"?>
<!-- Generated by org.testng.reporters.JUnitReportReporter -->
<testsuite hostname="PREETISH-PC" name="testRunner.PageobjectRunner" tests="1" failures="0" timestamp="6 Oct 2021 17:35:56 GMT" time="30.710" errors="0">
  <testcase name="feature" time="30.710" classname="testRunner.PageobjectRunner"/>
</testsuite> <!-- testRunner.PageobjectRunner -->
