<?xml version="1.0" encoding="UTF-8"?>
<!-- Generated by org.testng.reporters.JUnitReportReporter -->
<testsuite hostname="GUDU-PC" name="testRunner.PageobjectRunner" tests="1" failures="0" timestamp="12 Oct 2021 07:44:10 GMT" time="96.969" errors="0">
  <testcase name="feature" time="96.969" classname="testRunner.PageobjectRunner"/>
</testsuite> <!-- testRunner.PageobjectRunner -->
