<?xml version="1.0" encoding="UTF-8"?>
<!-- Generated by org.testng.reporters.JUnitReportReporter -->
<testsuite hostname="GUDU-PC" name="testRunner.PageobjectRunner" tests="1" failures="0" timestamp="19 Dec 2021 14:11:50 GMT" time="49.650" errors="0">
  <testcase name="feature" time="49.650" classname="testRunner.PageobjectRunner"/>
</testsuite> <!-- testRunner.PageobjectRunner -->
