<?xml version="1.0" encoding="UTF-8"?>
<!-- Generated by org.testng.reporters.JUnitReportReporter -->
<testsuite hostname="GUDU-PC" name="testRunner.PageobjectRunner" tests="1" failures="0" timestamp="13 Oct 2021 03:56:24 GMT" time="20.814" errors="0">
  <testcase name="feature" time="20.814" classname="testRunner.PageobjectRunner"/>
</testsuite> <!-- testRunner.PageobjectRunner -->
