<?xml version="1.0" encoding="UTF-8"?>
<!-- Generated by org.testng.reporters.JUnitReportReporter -->
<testsuite skipped="0" hostname="GUDU-PC" name="testRunner.PageobjectRunner" tests="1" failures="0" timestamp="12 Oct 2021 08:48:08 GMT" time="28.554" errors="0">
  <testcase name="feature" time="28.554" classname="testRunner.PageobjectRunner"/>
</testsuite> <!-- testRunner.PageobjectRunner -->
