<?xml version="1.0" encoding="UTF-8"?>
<!-- Generated by org.testng.reporters.JUnitReportReporter -->
<testsuite skipped="0" hostname="GUDU-PC" name="testRunner.PageobjectRunner" tests="1" failures="0" timestamp="24 Dec 2021 16:40:59 GMT" time="32.550" errors="0">
  <testcase name="feature" time="32.550" classname="testRunner.PageobjectRunner"/>
</testsuite> <!-- testRunner.PageobjectRunner -->
