<?xml version="1.0" encoding="UTF-8"?>
<!-- Generated by org.testng.reporters.JUnitReportReporter -->
<testsuite skipped="0" hostname="PREETISH-PC" name="testRunner.PageobjectRunner" tests="1" failures="0" timestamp="09 Oct 2021 12:16:46 GMT" time="41.274" errors="0">
  <testcase name="feature" time="41.274" classname="testRunner.PageobjectRunner"/>
</testsuite> <!-- testRunner.PageobjectRunner -->
